[debug] [2020-05-16T15:20:17.692Z] ----------------------------------------------------------------------
[debug] [2020-05-16T15:20:17.694Z] Command:       /usr/local/bin/node /usr/local/bin/firebase serve
[debug] [2020-05-16T15:20:17.695Z] CLI Version:   8.2.0
[debug] [2020-05-16T15:20:17.695Z] Platform:      darwin
[debug] [2020-05-16T15:20:17.695Z] Node Version:  v12.14.1
[debug] [2020-05-16T15:20:17.696Z] Time:          Sat May 16 2020 17:20:17 GMT+0200 (GMT+02:00)
[debug] [2020-05-16T15:20:17.696Z] ----------------------------------------------------------------------
[debug] [2020-05-16T15:20:17.696Z] 
[debug] [2020-05-16T15:20:17.715Z] > command requires scopes: ["email","openid","https://www.googleapis.com/auth/cloudplatformprojects.readonly","https://www.googleapis.com/auth/firebase","https://www.googleapis.com/auth/cloud-platform"]
[debug] [2020-05-16T15:20:17.716Z] > authorizing via signed-in user
[debug] [2020-05-16T15:20:17.716Z] [iam] checking project fiszki-95d38 for permissions ["firebase.projects.get"]
[debug] [2020-05-16T15:20:17.719Z] >>> HTTP REQUEST POST https://cloudresourcemanager.googleapis.com/v1/projects/fiszki-95d38:testIamPermissions  
 {"permissions":["firebase.projects.get"]}
[debug] [2020-05-16T15:20:18.850Z] <<< HTTP RESPONSE 200 {"content-type":"application/json; charset=UTF-8","vary":"X-Origin, Referer, Origin,Accept-Encoding","date":"Sat, 16 May 2020 15:20:18 GMT","server":"ESF","cache-control":"private","x-xss-protection":"0","x-frame-options":"SAMEORIGIN","x-content-type-options":"nosniff","server-timing":"gfet4t7; dur=712","alt-svc":"h3-27=\":443\"; ma=2592000,h3-25=\":443\"; ma=2592000,h3-T050=\":443\"; ma=2592000,h3-Q050=\":443\"; ma=2592000,h3-Q049=\":443\"; ma=2592000,h3-Q048=\":443\"; ma=2592000,h3-Q046=\":443\"; ma=2592000,h3-Q043=\":443\"; ma=2592000,quic=\":443\"; ma=2592000; v=\"46,43\"","accept-ranges":"none","transfer-encoding":"chunked"}
[debug] [2020-05-16T15:20:18.852Z] >>> HTTP REQUEST GET https://firebase.googleapis.com/v1beta1/projects/fiszki-95d38  
 
[debug] [2020-05-16T15:20:19.118Z] <<< HTTP RESPONSE 200 {"content-type":"application/json; charset=UTF-8","vary":"X-Origin, Referer, Origin,Accept-Encoding","date":"Sat, 16 May 2020 15:20:19 GMT","server":"ESF","cache-control":"private","x-xss-protection":"0","x-frame-options":"SAMEORIGIN","x-content-type-options":"nosniff","alt-svc":"h3-27=\":443\"; ma=2592000,h3-25=\":443\"; ma=2592000,h3-T050=\":443\"; ma=2592000,h3-Q050=\":443\"; ma=2592000,h3-Q049=\":443\"; ma=2592000,h3-Q048=\":443\"; ma=2592000,h3-Q046=\":443\"; ma=2592000,h3-Q043=\":443\"; ma=2592000,quic=\":443\"; ma=2592000; v=\"46,43\"","accept-ranges":"none","transfer-encoding":"chunked"}
[info] 
[info] === Serving from '/Users/mateuszgryska/Desktop/Programowanie/Projects/fiszki-app/fiszki-app'...
[info] 
[debug] [2020-05-16T15:20:19.123Z] >>> HTTP REQUEST GET https://firebase.googleapis.com/v1beta1/projects/fiszki-95d38/webApps/-/config  
 
[debug] [2020-05-16T15:20:19.972Z] <<< HTTP RESPONSE 200 {"content-type":"application/json; charset=UTF-8","vary":"X-Origin, Referer, Origin,Accept-Encoding","date":"Sat, 16 May 2020 15:20:19 GMT","server":"ESF","cache-control":"private","x-xss-protection":"0","x-frame-options":"SAMEORIGIN","x-content-type-options":"nosniff","alt-svc":"h3-27=\":443\"; ma=2592000,h3-25=\":443\"; ma=2592000,h3-T050=\":443\"; ma=2592000,h3-Q050=\":443\"; ma=2592000,h3-Q049=\":443\"; ma=2592000,h3-Q048=\":443\"; ma=2592000,h3-Q046=\":443\"; ma=2592000,h3-Q043=\":443\"; ma=2592000,quic=\":443\"; ma=2592000; v=\"46,43\"","accept-ranges":"none","transfer-encoding":"chunked"}
[info] i  hosting: Serving hosting files from: public
[info] ✔  hosting: Local server: http://localhost:5000
